This is TeX, Version 3.14159 (Web2C 7.3.1) (format=latex 2002.6.7)  20 FEB 2003 18:50
**vamdoc.tex
(vamdoc.tex
LaTeX2e <1999/12/01> patch level 1
Babel <v3.6Z> and hyphenation patterns for american, french, german, ngerman, n
ohyphenation, loaded.
(/usr/local/share/texmf/tex/latex/base/report.cls
Document Class: report 1999/09/10 v1.4a Standard LaTeX document class
(/usr/local/share/texmf/tex/latex/base/size10.clo
File: size10.clo 1999/09/10 v1.4a Standard LaTeX file (size option)
)
\c@part=\count79
\c@chapter=\count80
\c@section=\count81
\c@subsection=\count82
\c@subsubsection=\count83
\c@paragraph=\count84
\c@subparagraph=\count85
\c@figure=\count86
\c@table=\count87
\abovecaptionskip=\skip41
\belowcaptionskip=\skip42
\bibindent=\dimen102
)
(/usr/local/share/texmf/tex/latex/psnfss/newcent.sty
Package: newcent 1999/03/29 PSNFSS v.7.2 NewCenturySchoolbook font as default r
oman : S Rahtz
)
(/usr/local/share/texmf/tex/latex/psnfss/pifont.sty
Package: pifont 1999/03/29 PSNFSS v.7.2 Pi font support : S Rahtz
LaTeX Font Info:    Try loading font information for U+pzd on input line 63.

(/usr/local/share/texmf/tex/latex/psnfss/upzd.fd
File: upzd.fd 1998/07/06 font definitions for U/pzd.
)
LaTeX Font Info:    Try loading font information for U+psy on input line 64.

(/usr/local/share/texmf/tex/latex/psnfss/upsy.fd
File: upsy.fd 1998/07/06 font definitions for U/psy.
))
(/usr/local/share/texmf/tex/latex/graphics/color.sty
Package: color 1999/02/16 v1.0i Standard LaTeX Color (DPC)

(/usr/local/share/texmf/tex/latex/config/color.cfg)
Package color Info: Driver file: dvips.def on input line 125.

(/usr/local/share/texmf/tex/latex/graphics/dvips.def
File: dvips.def 1999/02/16 v3.0i Driver-dependant file (DPC,SPQR)
)
(/usr/local/share/texmf/tex/latex/graphics/dvipsnam.def
File: dvipsnam.def 1999/02/16 v3.0i Driver-dependant file (DPC,SPQR)
)) (vamdoc.aux

LaTeX Warning: Label `ModuleDependencies' multiply defined.


LaTeX Warning: Label `ModuleDependencies' multiply defined.


LaTeX Warning: Label `ModuleDependencies' multiply defined.


LaTeX Warning: Label `ModuleDependencies' multiply defined.


LaTeX Warning: Label `ModuleDependencies' multiply defined.


LaTeX Warning: Label `Functions' multiply defined.


LaTeX Warning: Label `Moduledependencies' multiply defined.


LaTeX Warning: Label `Description' multiply defined.


LaTeX Warning: Label `Description' multiply defined.


LaTeX Warning: Label `Moduledependencies:' multiply defined.


LaTeX Warning: Label `Description' multiply defined.


LaTeX Warning: Label `Moduledependencies:' multiply defined.


LaTeX Warning: Label `Description' multiply defined.


LaTeX Warning: Label `Moduledependencies' multiply defined.

)
\openout1 = `vamdoc.aux'.

LaTeX Font Info:    Checking defaults for OML/cmm/m/it on input line 21.
LaTeX Font Info:    ... okay on input line 21.
LaTeX Font Info:    Checking defaults for T1/cmr/m/n on input line 21.
LaTeX Font Info:    ... okay on input line 21.
LaTeX Font Info:    Checking defaults for OT1/cmr/m/n on input line 21.
LaTeX Font Info:    ... okay on input line 21.
LaTeX Font Info:    Checking defaults for OMS/cmsy/m/n on input line 21.
LaTeX Font Info:    ... okay on input line 21.
LaTeX Font Info:    Checking defaults for OMX/cmex/m/n on input line 21.
LaTeX Font Info:    ... okay on input line 21.
LaTeX Font Info:    Checking defaults for U/cmr/m/n on input line 21.
LaTeX Font Info:    ... okay on input line 21.
LaTeX Font Info:    Try loading font information for OT1+pnc on input line 21.
 (/usr/local/share/texmf/tex/latex/psnfss/ot1pnc.fd
File: ot1pnc.fd 1998/07/06 Fontinst v1.800 font definitions for OT1/pnc.
)
LaTeX Font Info:    Font shape `OT1/pnc/bx/n' in size <10> not available
(Font)              Font shape `OT1/pnc/b/n' tried instead on input line 23.
LaTeX Font Info:    Font shape `OT1/pnc/bx/n' in size <12> not available
(Font)              Font shape `OT1/pnc/b/n' tried instead on input line 23.
LaTeX Font Info:    External font `cmex10' loaded for size
(Font)              <12> on input line 28.
LaTeX Font Info:    External font `cmex10' loaded for size
(Font)              <8> on input line 28.
LaTeX Font Info:    External font `cmex10' loaded for size
(Font)              <6> on input line 28.
 [1

] [2]
LaTeX Font Info:    External font `cmex10' loaded for size
(Font)              <7> on input line 73.
LaTeX Font Info:    External font `cmex10' loaded for size
(Font)              <5> on input line 73.
 [3] [4] [5]
[6] [7]
LaTeX Font Info:    Try loading font information for OT1+pcr on input line 592.

 (/usr/local/share/texmf/tex/latex/psnfss/ot1pcr.fd
File: ot1pcr.fd 1998/07/06 Fontinst v1.800 font definitions for OT1/pcr.
) [8] [9] [10]
[11] [12] [13] [14] [15] [16] [17] [18] [19] [20] [21] [22] [23] [24] [25]
[26] [27] [28] [29] [30]
Overfull \hbox (19.5053pt too wide) in paragraph at lines 2339--2346
\OT1/pnc/m/sl/10 dns$[]$create$[]$dir \OT1/pnc/m/n/10 and \OT1/pnc/m/sl/10 dns$
[]$delete$[]$dir \OT1/pnc/m/n/10 func-tions are used to add and delete di-rec-t
o-ries. The \OT1/pnc/m/sl/10 dns$[]$read$[]$super
 []


Underfull \hbox (badness 10000) in paragraph at lines 2339--2346

 []

[31] [32] [33] [34] [35] [36] [37] [38]
Overfull \hbox (6.4576pt too wide) in paragraph at lines 2934--2938
[]\OT1/pnc/m/n/10 Furthermore, any un-com-mit-ted file that re-mains un-mod-i-f
ied for more than \OT1/pnc/m/sl/10 afs$[]$CACHE$[]$TIMEOUT
 []

[39] [40] [41]
Underfull \hbox (badness 10000) in paragraph at lines 3222--3234

 []


Underfull \hbox (badness 10000) in paragraph at lines 3243--3257

 []


Underfull \hbox (badness 10000) in paragraph at lines 3266--3273

 []

[42]
Underfull \hbox (badness 10000) in paragraph at lines 3282--3288

 []


Underfull \hbox (badness 10000) in paragraph at lines 3309--3312

 []

[43]
Underfull \hbox (badness 10000) in paragraph at lines 3334--3334
[]\OT1/pnc/b/n/10 Document
 []


Underfull \hbox (badness 10000) in paragraph at lines 3335--3335
[]\OT1/pnc/b/n/10 Paragraph
 []


Overfull \hbox (2.7713pt too wide) in paragraph at lines 3336--3336
[]\OT1/pnc/m/n/10 ML$\OMS/cmsy/m/n/10 ^^@$\OT1/pnc/m/n/10 Function| 
 []


Underfull \hbox (badness 10000) in paragraph at lines 3336--3336
[]\OT1/pnc/m/n/10 Text At-
 []


Underfull \hbox (badness 10000) in paragraph at lines 3338--3338
[]\OT1/pnc/m/n/10 Unordered
 []

[44] [45] [46] [47]
Underfull \hbox (badness 2735) in paragraph at lines 3473--3473
[]\OT1/pnc/m/n/10 Generic Sub-sec-tion
 []

[48] [49]
LaTeX Font Info:    Try loading font information for OMS+pcr on input line 3519
.
 (/usr/local/share/texmf/tex/latex/psnfss/omspcr.fd
File: omspcr.fd 
)
LaTeX Font Info:    Font shape `OMS/pcr/m/n' in size <10> not available
(Font)              Font shape `OMS/cmsy/m/n' tried instead on input line 3519.

 [50]
Underfull \hbox (badness 10000) in paragraph at lines 3561--3562
[]\OT1/pnc/b/n/10 Subarguments
 []


Underfull \hbox (badness 10000) in paragraph at lines 3561--3562
\OT1/pnc/b/n/10 ($\OMS/cmsy/m/n/10 ^^C$$\OT1/cmr/m/n/10 =$\OT1/pnc/b/n/10 optio
nal,
 []


Underfull \hbox (badness 1478) in paragraph at lines 3563--3564
[]\OT1/pnc/m/n/10 Name, Ret-Val ($\OT1/cmr/m/n/10 #$\OT1/pnc/m/n/10 ),
 []


Underfull \hbox (badness 10000) in paragraph at lines 3567--3567
[]\OT1/pnc/m/n/10 ML$\OMS/cmsy/m/n/10 ^^@$\OT1/pnc/m/n/10 Structure
 []


Underfull \hbox (badness 6461) in paragraph at lines 3568--3568
[]\OT1/pnc/m/n/10 Name, other spe-
 []


Underfull \hbox (badness 10000) in paragraph at lines 3585--3585
[]\OT1/pnc/m/n/10 Placed be-fore the
 []


Underfull \hbox (badness 2080) in paragraph at lines 3586--3586
[]\OT1/pnc/m/n/10 Return value of a
 []


Underfull \hbox (badness 1509) in paragraph at lines 3586--3586
\OT1/pnc/m/n/10 func-tion (un-cur-ried
 []


Underfull \hbox (badness 1509) in paragraph at lines 3588--3588
\OT1/pnc/m/n/10 func-tion (un-cur-ried
 []

[51] [52] [53] [54] [55]
Underfull \hbox (badness 4441) in paragraph at lines 3921--3921
[]\OT1/pnc/m/n/10 First com-mand in
 []


Underfull \hbox (badness 10000) in paragraph at lines 3922--3922
[]\OT1/pnc/m/n/10 Used in-side lists
 []

[56]
Underfull \hbox (badness 10000) in paragraph at lines 3993--3993
[]\OT1/pnc/m/n/10 Don't put boxes
 []


Underfull \hbox (badness 10000) in paragraph at lines 3993--3993
\OT1/pnc/m/n/10 around the ta-ble
 []


Underfull \hbox (badness 8038) in paragraph at lines 3996--3996
[]\OT1/pnc/m/n/10 Must be in-cluded
 []


Underfull \hbox (badness 10000) in paragraph at lines 3996--3996
\OT1/pnc/m/n/10 be-tween the row
 []

[57]
Underfull \hbox (badness 4341) in paragraph at lines 4046--4047
[]\OT1/pnc/m/n/10 Outside from spe-
 []


Underfull \hbox (badness 10000) in paragraph at lines 4046--4047
\OT1/pnc/m/n/10 cial in-ter-faces,
 []


Underfull \hbox (badness 1796) in paragraph at lines 4046--4047
\OT1/pnc/m/n/10 this com-mand em-
 []


Underfull \hbox (badness 10000) in paragraph at lines 4046--4047
\OT1/pnc/m/n/10 pha-size names of
 []


Underfull \hbox (badness 1377) in paragraph at lines 4046--4047
\OT1/pnc/m/n/10 func-tions, types or
 []


Underfull \hbox (badness 10000) in paragraph at lines 4046--4047
\OT1/pnc/m/n/10 other im-por-tant
 []


Underfull \hbox (badness 2726) in paragraph at lines 4048--4048
[]\OT1/pnc/m/n/10 A link to an-other
 []

[58]
Underfull \hbox (badness 4995) in paragraph at lines 4064--4064
[]\OT1/pnc/m/n/10 Flush the cur-rent
 []


Underfull \hbox (badness 1383) in paragraph at lines 4065--4066
\OT1/pnc/m/n/10 used in pre-for-mat-
 []


Underfull \hbox (badness 10000) in paragraph at lines 4067--4067
[]\OT1/pnc/m/n/10 Preformatted text
 []


Underfull \hbox (badness 7468) in paragraph at lines 4067--4068
[]\OT1/pnc/m/n/10 Print in-lined raw
 []


Underfull \hbox (badness 4752) in paragraph at lines 4069--4069
[]\OT1/pnc/m/n/10 Comments can be
 []


Underfull \hbox (badness 10000) in paragraph at lines 4069--4069
\OT1/pnc/m/n/10 placed in \OT1/pnc/m/sl/10 Ar-gu-
 []

[59]
Underfull \hbox (badness 2828) in paragraph at lines 4130--4131
[]\OT1/pnc/m/n/10 No rulers around ta-bles
 []


Underfull \hbox (badness 2165) in paragraph at lines 4131--4132
[]\OT1/pnc/m/n/10 White Space in \OT1/pnc/m/sl/10 ex-am-ple
 []


Underfull \hbox (badness 7326) in paragraph at lines 4145--4146
[]\OT1/pnc/m/n/10 Numbered (or-dered) list
 []


Underfull \hbox (badness 10000) in paragraph at lines 4146--4147
[]\OT1/pnc/m/n/10 Unnumbered (un-orderd)
 []

[60]
Underfull \hbox (badness 1292) in paragraph at lines 4185--4186
[]\OT1/pnc/m/n/10 ML$\OMS/cmsy/m/n/10 ^^@$\OT1/pnc/m/n/10 Object (Class) In-ter
-
 []

[61]
Underfull \hbox (badness 10000) in paragraph at lines 4246--4247
[]\OT1/pnc/m/n/10 Generic In-ter-face Para-
 []

[62] [63] [64] [65] [66] [67] [68] [69] [70] [71] [72] [73] [74] [75]
Overfull \vbox (9.19427pt too high) has occurred while \output is active []


[76] [77] (vamdoc.aux)

LaTeX Warning: There were multiply-defined labels.

 ) 
Here is how much of TeX's memory you used:
 726 strings out of 10901
 9448 string characters out of 72381
 60698 words of memory out of 263001
 3691 multiletter control sequences out of 10000+0
 12154 words of font info for 36 fonts, out of 400000 for 1000
 14 hyphenation exceptions out of 1000
 23i,12n,19p,234b,391s stack positions out of 300i,100n,500p,50000b,4000s

Output written on vamdoc.dvi (77 pages, 293068 bytes).
